Thu Dec  3 07:49:37 2020
server started
Thu Dec  3 07:54:07 2020
server started
Thu Dec  3 16:01:28 2020
server started
Thu Dec  3 16:01:59 2020
server started
Thu Dec  3 16:02:04 2020
Incoming IP address: 127.0.0.1  at--- Thu Dec  3 16:02:07 2020
request received with: 340bytes
Thu Dec  3 16:02:07 2020
Request Type: GET
Thu Dec  3 16:02:07 2020
Incoming IP address: 127.0.0.1  at--- Thu Dec  3 16:02:07 2020
request received with: 289bytes
Thu Dec  3 16:02:07 2020
Request Type: GET
Thu Dec  3 16:02:09 2020
Incoming IP address: 127.0.0.1  at--- Thu Dec  3 16:02:12 2020
request received with: 349bytes
Thu Dec  3 16:02:12 2020
Request Type: GET
Thu Dec  3 16:04:07 2020
server started
Thu Dec  3 16:04:13 2020
Incoming IP address: 127.0.0.1  at--- Thu Dec  3 16:04:13 2020
request received with: 340bytes
Thu Dec  3 16:04:13 2020
Request Type: GET
Thu Dec  3 16:04:16 2020
Incoming IP address: 127.0.0.1  at--- Thu Dec  3 16:04:18 2020
request received with: 349bytes
Thu Dec  3 16:04:18 2020
Request Type: GET
Thu Dec  3 16:04:18 2020
Incoming IP address: 127.0.0.1  at--- Thu Dec  3 16:04:18 2020
request received with: 297bytes
Thu Dec  3 16:04:18 2020
Request Type: GET
Thu Dec  3 16:04:18 2020
Incoming IP address: 127.0.0.1  at--- Thu Dec  3 16:04:18 2020
Incoming IP address: 127.0.0.1  at--- Thu Dec  3 16:04:18 2020
Incoming IP address: 127.0.0.1  at--- Thu Dec  3 16:04:18 2020
request received with: 300bytes
Thu Dec  3 16:04:18 2020
Request Type: GET
Thu Dec  3 16:04:18 2020
request received with: 313bytes
Thu Dec  3 16:04:18 2020
Request Type: GET
Thu Dec  3 16:04:18 2020
request received with: 302bytes
Thu Dec  3 16:04:18 2020
Request Type: GET
Thu Dec  3 16:04:28 2020
Incoming IP address: 127.0.0.1  at--- Thu Dec  3 16:04:28 2020
request received with: 351bytes
Thu Dec  3 16:04:28 2020
Request Type: GET
Thu Dec  3 16:04:34 2020
Incoming IP address: 127.0.0.1  at--- Thu Dec  3 16:04:34 2020
request received with: 350bytes
Thu Dec  3 16:04:34 2020
Request Type: GET
Thu Dec  3 16:48:19 2020
server started
Thu Dec  3 16:48:23 2020
Incoming IP address: 127.0.0.1  at--- Thu Dec  3 16:48:23 2020
Incoming IP address: 127.0.0.1  at--- Thu Dec  3 16:48:23 2020
request received with: 566bytes
Thu Dec  3 16:48:23 2020
Request Type: GET
Thu Dec  3 16:48:23 2020
request received with: 451bytes
Thu Dec  3 16:48:23 2020
Request Type: GET
Thu Dec  3 16:48:23 2020
Incoming IP address: 127.0.0.1  at--- Thu Dec  3 16:48:23 2020
Incoming IP address: 127.0.0.1  at--- Thu Dec  3 16:48:23 2020
request received with: 449bytes
Thu Dec  3 16:48:23 2020
Request Type: GET
Thu Dec  3 16:48:23 2020
Incoming IP address: 127.0.0.1  at--- Thu Dec  3 16:48:23 2020
request received with: 446bytes
Thu Dec  3 16:48:23 2020
Request Type: GET
Thu Dec  3 16:48:23 2020
request received with: 462bytes
Thu Dec  3 16:48:23 2020
Request Type: GET
Thu Dec  3 16:48:23 2020
Incoming IP address: 127.0.0.1  at--- Thu Dec  3 16:48:23 2020
request received with: 447bytes
Thu Dec  3 16:48:23 2020
Request Type: GET
Thu Dec  3 16:48:29 2020
Incoming IP address: 127.0.0.1  at--- Thu Dec  3 16:48:29 2020
Incoming IP address: 127.0.0.1  at--- Thu Dec  3 16:48:29 2020
request received with: 560bytes
Thu Dec  3 16:48:29 2020
Request Type: GET
Thu Dec  3 16:48:29 2020
Incoming IP address: 127.0.0.1  at--- Thu Dec  3 16:48:29 2020
request received with: 448bytes
Thu Dec  3 16:48:29 2020
Request Type: GET
